[2021-05-04 04:00:21] local.ERROR: Allowed memory size of 134217728 bytes exhausted (tried to allocate 33425632 bytes) {"exception":"[object] (Symfony\\Component\\Debug\\Exception\\FatalErrorException(code: 1): Allowed memory size of 134217728 bytes exhausted (tried to allocate 33425632 bytes) at /home/mobby/vendor/league/flysystem/src/Util/MimeType.php:208)
[stacktrace]
#0 {main}
"} 
[2021-05-04 08:33:06] local.ERROR: MISCONF Redis is configured to save RDB snapshots, but is currently not able to persist on disk. Commands that may modify the data set are disabled. Please check Redis logs for details about the error. {"exception":"[object] (Predis\\Response\\ServerException(code: 0): MISCONF Redis is configured to save RDB snapshots, but is currently not able to persist on disk. Commands that may modify the data set are disabled. Please check Redis logs for details about the error. at /home/mobby/vendor/predis/predis/src/Client.php:370)
[stacktrace]
#0 /home/mobby/vendor/predis/predis/src/Client.php(335): Predis\\Client->onErrorResponse(Object(Predis\\Command\\StringSetExpire), Object(Predis\\Response\\Error))
#1 /home/mobby/vendor/predis/predis/src/Client.php(314): Predis\\Client->executeCommand(Object(Predis\\Command\\StringSetExpire))
#2 /home/mobby/vendor/laravel/framework/src/Illuminate/Redis/Connections/Connection.php(114): Predis\\Client->__call('setex', Array)
#3 /home/mobby/vendor/laravel/framework/src/Illuminate/Redis/Connections/Connection.php(214): Illuminate\\Redis\\Connections\\Connection->command('setex', Array)
#4 /home/mobby/vendor/laravel/framework/src/Illuminate/Cache/RedisStore.php(93): Illuminate\\Redis\\Connections\\Connection->__call('setex', Array)
#5 /home/mobby/vendor/laravel/framework/src/Illuminate/Cache/Repository.php(211): Illuminate\\Cache\\RedisStore->put('pR40M52WYKmsS6a...', 'a:4:{s:6:\"_toke...', 7200)
#6 /home/mobby/vendor/laravel/framework/src/Illuminate/Session/CacheBasedSessionHandler.php(66): Illuminate\\Cache\\Repository->put('pR40M52WYKmsS6a...', 'a:4:{s:6:\"_toke...', 7200)
#7 /home/mobby/vendor/laravel/framework/src/Illuminate/Session/Store.php(129): Illuminate\\Session\\CacheBasedSessionHandler->write('pR40M52WYKmsS6a...', 'a:4:{s:6:\"_toke...')
#8 /home/mobby/vendor/laravel/framework/src/Illuminate/Session/Middleware/StartSession.php(170): Illuminate\\Session\\Store->save()
#9 /home/mobby/vendor/laravel/framework/src/Illuminate/Session/Middleware/StartSession.php(65): Illuminate\\Session\\Middleware\\StartSession->saveSession(Object(Illuminate\\Http\\Request))
#10 /home/mobby/vendor/laravel/framework/src/Illuminate/Pipeline/Pipeline.php(163): Illuminate\\Session\\Middleware\\StartSession->handle(Object(Illuminate\\Http\\Request), Object(Closure))
#11 /home/mobby/vendor/laravel/framework/src/Illuminate/Routing/Pipeline.php(53): Illuminate\\Pipeline\\Pipeline->Illuminate\\Pipeline\\{closure}(Object(Illuminate\\Http\\Request))
#12 /home/mobby/vendor/laravel/framework/src/Illuminate/Cookie/Middleware/AddQueuedCookiesToResponse.php(37): Illuminate\\Routing\\Pipeline->Illuminate\\Routing\\{closure}(Object(Illuminate\\Http\\Request))
#13 /home/mobby/vendor/laravel/framework/src/Illuminate/Pipeline/Pipeline.php(163): Illuminate\\Cookie\\Middleware\\AddQueuedCookiesToResponse->handle(Object(Illuminate\\Http\\Request), Object(Closure))
#14 /home/mobby/vendor/laravel/framework/src/Illuminate/Routing/Pipeline.php(53): Illuminate\\Pipeline\\Pipeline->Illuminate\\Pipeline\\{closure}(Object(Illuminate\\Http\\Request))
#15 /home/mobby/vendor/laravel/framework/src/Illuminate/Cookie/Middleware/EncryptCookies.php(66): Illuminate\\Routing\\Pipeline->Illuminate\\Routing\\{closure}(Object(Illuminate\\Http\\Request))
#16 /home/mobby/vendor/laravel/framework/src/Illuminate/Pipeline/Pipeline.php(163): Illuminate\\Cookie\\Middleware\\EncryptCookies->handle(Object(Illuminate\\Http\\Request), Object(Closure))
#17 /home/mobby/vendor/laravel/framework/src/Illuminate/Routing/Pipeline.php(53): Illuminate\\Pipeline\\Pipeline->Illuminate\\Pipeline\\{closure}(Object(Illuminate\\Http\\Request))
#18 /home/mobby/